<?xml version="1.0" encoding="UTF-8"?>
<testng-results ignored="0" total="4" passed="4" failed="0" skipped="0">
  <reporter-output>
  </reporter-output>
  <suite started-at="2025-12-14T15:59:45 EST" name="QA Flight Application" finished-at="2025-12-14T16:00:30 EST" duration-ms="44443">
    <groups>
    </groups>
    <test started-at="2025-12-14T15:59:45 EST" name="FlightBooking" finished-at="2025-12-14T16:00:01 EST" duration-ms="15396">
      <class name="tests.FlightBookingTest">
        <test-method is-config="true" signature="setUp()[pri:0, instance:tests.FlightBookingTest@7c7b252e]" started-at="2025-12-14T15:59:45 EST" name="setUp" finished-at="2025-12-14T15:59:55 EST" duration-ms="9412" status="PASS">
          <reporter-output>
          </reporter-output>
        </test-method> <!-- setUp -->
        <test-method signature="checkMMYY(java.lang.String,java.lang.String,java.lang.String,java.lang.String,java.lang.String)[pri:0, instance:tests.FlightBookingTest@7c7b252e]" started-at="2025-12-14T15:59:55 EST" name="checkMMYY" finished-at="2025-12-14T16:00:00 EST" duration-ms="4918" status="PASS">
          <params>
            <param index="0">
              <value>
                <![CDATA[Amritsar (ATQ)]]>
              </value>
            </param>
            <param index="1">
              <value>
                <![CDATA[ Delhi (DEL)]]>
              </value>
            </param>
            <param index="2">
              <value>
                <![CDATA[7]]>
              </value>
            </param>
            <param index="3">
              <value>
                <![CDATA[Tue, May 07 2019]]>
              </value>
            </param>
            <param index="4">
              <value>
                <![CDATA[USD]]>
              </value>
            </param>
          </params>
          <reporter-output>
          </reporter-output>
        </test-method> <!-- checkMMYY -->
        <test-method is-config="true" signature="tearDown()[pri:0, instance:tests.FlightBookingTest@7c7b252e]" started-at="2025-12-14T16:00:00 EST" name="tearDown" finished-at="2025-12-14T16:00:01 EST" duration-ms="928" status="PASS">
          <reporter-output>
          </reporter-output>
        </test-method> <!-- tearDown -->
      </class> <!-- tests.FlightBookingTest -->
    </test> <!-- FlightBooking -->
    <test started-at="2025-12-14T16:00:01 EST" name="RadionButtons" finished-at="2025-12-14T16:00:09 EST" duration-ms="8491">
      <class name="tests.RadioButtonsTest">
        <test-method is-config="true" signature="setUp()[pri:0, instance:tests.RadioButtonsTest@3d285d7e]" started-at="2025-12-14T16:00:01 EST" name="setUp" finished-at="2025-12-14T16:00:08 EST" duration-ms="7293" status="PASS">
          <reporter-output>
          </reporter-output>
        </test-method> <!-- setUp -->
        <test-method signature="radioButtonTest()[pri:0, instance:tests.RadioButtonsTest@3d285d7e]" started-at="2025-12-14T16:00:08 EST" name="radioButtonTest" finished-at="2025-12-14T16:00:08 EST" duration-ms="346" status="PASS">
          <reporter-output>
          </reporter-output>
        </test-method> <!-- radioButtonTest -->
        <test-method is-config="true" signature="tearDown()[pri:0, instance:tests.RadioButtonsTest@3d285d7e]" started-at="2025-12-14T16:00:08 EST" name="tearDown" finished-at="2025-12-14T16:00:09 EST" duration-ms="836" status="PASS">
          <reporter-output>
          </reporter-output>
        </test-method> <!-- tearDown -->
      </class> <!-- tests.RadioButtonsTest -->
    </test> <!-- RadionButtons -->
    <test started-at="2025-12-14T16:00:09 EST" name="AutoSuggestiveDropdown" finished-at="2025-12-14T16:00:20 EST" duration-ms="10511">
      <class name="tests.AutoSuggestedDropdownTest">
        <test-method is-config="true" signature="setUp()[pri:0, instance:tests.AutoSuggestedDropdownTest@49438269]" started-at="2025-12-14T16:00:09 EST" name="setUp" finished-at="2025-12-14T16:00:18 EST" duration-ms="8337" status="PASS">
          <reporter-output>
          </reporter-output>
        </test-method> <!-- setUp -->
        <test-method signature="countryname(java.lang.String,java.lang.String)[pri:0, instance:tests.AutoSuggestedDropdownTest@49438269]" started-at="2025-12-14T16:00:18 EST" name="countryname" finished-at="2025-12-14T16:00:19 EST" duration-ms="1522" status="PASS">
          <params>
            <param index="0">
              <value>
                <![CDATA[Pa]]>
              </value>
            </param>
            <param index="1">
              <value>
                <![CDATA[Pakistan]]>
              </value>
            </param>
          </params>
          <reporter-output>
          </reporter-output>
        </test-method> <!-- countryname -->
        <test-method is-config="true" signature="tearDown()[pri:0, instance:tests.AutoSuggestedDropdownTest@49438269]" started-at="2025-12-14T16:00:19 EST" name="tearDown" finished-at="2025-12-14T16:00:20 EST" duration-ms="642" status="PASS">
          <reporter-output>
          </reporter-output>
        </test-method> <!-- tearDown -->
      </class> <!-- tests.AutoSuggestedDropdownTest -->
    </test> <!-- AutoSuggestiveDropdown -->
    <test started-at="2025-12-14T16:00:20 EST" name="Checkboxes" finished-at="2025-12-14T16:00:30 EST" duration-ms="9894">
      <class name="tests.CheckboxesTest">
        <test-method is-config="true" signature="setUp()[pri:0, instance:tests.CheckboxesTest@5dda768f]" started-at="2025-12-14T16:00:20 EST" name="setUp" finished-at="2025-12-14T16:00:27 EST" duration-ms="7456" status="PASS">
          <reporter-output>
          </reporter-output>
        </test-method> <!-- setUp -->
        <test-method signature="verifyCheckBox()[pri:0, instance:tests.CheckboxesTest@5dda768f]" started-at="2025-12-14T16:00:27 EST" name="verifyCheckBox" finished-at="2025-12-14T16:00:29 EST" duration-ms="1766" status="PASS">
          <reporter-output>
          </reporter-output>
        </test-method> <!-- verifyCheckBox -->
        <test-method is-config="true" signature="tearDown()[pri:0, instance:tests.CheckboxesTest@5dda768f]" started-at="2025-12-14T16:00:29 EST" name="tearDown" finished-at="2025-12-14T16:00:30 EST" duration-ms="666" status="PASS">
          <reporter-output>
          </reporter-output>
        </test-method> <!-- tearDown -->
      </class> <!-- tests.CheckboxesTest -->
    </test> <!-- Checkboxes -->
  </suite> <!-- QA Flight Application -->
</testng-results>
